344346 622833 470
412736 84492 449
618144 34804 470
477725 723297 509
853784 930831 476
609721 23980 470
395823 172442 443
698004 43786 509
449384 633325 509
812107 127357 509
400384 667696 509
956729 241317 525
396423 99429 443
965134 931133 507
880160 945349 507
529449 738710 509
82387 456389 449
337407 700530 509
5398 815131 509
938031 859181 476
260167 547753 470
397365 655989 509
234399 95369 443
699775 197987 509
242898 26087 443
839547 157487 525
693782 796277 504
398803 604409 470
895705 878142 445
49747 290070 443
337696 579195 470
542985 420082 470
549789 880391 525
634816 555186 509
209727 572848 470
414367 469893 444
634805 811731 504
125882 869203 525
421304 825656 509
67190 178406 383
365947 420941 449
335892 59730 443
217218 248900 443
178343 627128 509
641246 228090 509
917197 493146 525
321489 460182 449
427432 871277 525
854777 62248 525
426463 64504 449
635095 355034 509
48601 269900 443
680969 174483 509
653307 616477 509
514343 234701 470
794883 880290 525
655642 644979 385
454224 872859 525
408083 632566 509
14192 563533 470
374860 445594 449
56679 696349 509
419980 998314 525
567626 274758 470
60563 508294 449
853465 695657 525
863327 902066 445
479762 58502 449
76549 647273 509
674978 105096 509
881974 984065 507
499590 537616 470
143250 953813 525
924679 551332 525
100585 453076 449
629070 475444 509
898669 199953 525
171793 318649 443
198268 253624 443
593406 258830 470
761917 446872 509
468691 139449 449
863142 462657 525
197950 453895 449
109931 872928 525
558990 991904 525
371198 58581 443
43725 514447 470
526598 482608 470
579984 627182 509
935683 209054 525
616831 834352 509
409006 302828 441
153002 607273 470
556451 260612 470
380307 318368 441
221688 848998 525
457817 84830 449
825859 169971 509
538724 935789 525
42899 611919 470
927693 928301 383
184704 485622 449
442748 711301 509
968230 22732 525
852688 903913 445
231785 469519 449
252471 640791 509
772346 919676 525
762268 328798 509
180288 142576 383
161370 916180 525
505778 133391 449
1010 331637 443
303362 53939 443
267427 860464 525
665857 709324 504
788765 850560 525
194947 231514 443
76066 677381 509
254245 928753 525
95499 235 351
398272 347969 436
155230 684823 509
267645 431702 449
527825 962137 525
574277 689194 509
878317 594259 525
336790 393531 441
925896 640151 525
447469 707527 509
14820 627530 509
931055 803585 525
478090 640206 509
549303 68361 470
317587 317752 278
997113 413086 525
317986 909590 525
275259 987419 525
594413 57109 470
419122 636442 509
533450 507603 470
839840 925971 476
101863 176630 383
319502 541963 470
330985 281176 389
763694 345805 509
908705 694749 525
663594 901000 525
334956 212897 443
969360 166747 525
530648 480678 470
579832 362839 470
390268 369296 436
350258 498885 449
940608 769379 525
135327 474058 449
791187 489372 509
400029 893049 525
666001 233735 509
949216 511191 525
514910 712910 509
856995 937820 476
407659 520589 470
353025 256819 441
247690 836589 509
423566 778337 509
317267 517602 470
141176 221740 386
886897 5639 525
720624 341710 509
289222 370156 441
815767 80409 509
859527 730000 525
487662 39733 449
477940 436878 444
550923 507054 470
149788 922122 525
444874 71652 449
956915 312103 525
328470 204605 443
148692 266240 443
497147 465959 426
783842 152527 509
687698 184944 509
158165 922526 525
526654 447387 470
292682 856625 525
42000 666413 509
586626 529662 452
706146 64566 509
966539 771273 525
571619 630532 509
207601 530698 470
216388 164516 386
842800 544857 525
883325 505697 525
325302 894676 525
485860 109144 449
47203 687762 509
294087 719572 509
610288 820740 509
166959 417175 449
677366 723162 504
83588 778196 509
252824 303938 407
356966 733568 509
589416 442789 470
364100 797016 509
973486 580487 525
475736 330492 449
639548 873265 525
350393 964849 525
767941 836252 468
588197 329349 470
524014 882284 525
48921 134302 354
217229 730083 509
65681 408799 443
453245 663473 509
701199 706069 504
481615 58165 449
439637 71031 449
15159 317941 443
382251 502849 449
412632 857987 525
347545 566384 470
245457 697937 509
45439 13399 324
534189 633635 509
856951 58203 525
515919 905871 525
706709 247353 509
150159 286594 443
656151 603403 509
950066 871555 507
823676 431682 509
443924 777517 509
16917 459082 449
609662 399168 470
961931 22294 525
771359 309476 509
588678 16816 470
7414 634116 509
544418 55807 470
267751 401369 441
628214 297875 509
821444 334923 509
59432 971602 525
135721 229787 386
575006 85788 470
101342 912886 525
31674 545266 470
690404 48590 509
4348 300066 443
447757 480483 444
836564 219116 509
789959 425242 509
750136 311577 509
573562 294554 470
367383 355517 410
210128 995596 525
167596 31572 383
844723 227027 525
517379 980444 525
971018 92385 525
580436 72360 470
519475 126314 470
131830 209879 383
174903 650382 509
24150 136865 354
130865 860713 525
870184 435028 525
800159 620320 509
260809 887925 525
429079 628192 509
243442 153411 443
137993 925242 525
184982 496921 449
152269 702360 509
991569 123287 525
308949 572005 470
709851 342629 509
212523 841680 525
552507 387425 470
492062 90861 449
524289 137132 470
465778 394474 449
572159 780141 509
528998 832968 509
668066 958076 525
975364 425713 525
111487 627561 509
350955 810673 509
124482 17428 354
27238 116051 354
654919 850391 525
202260 364770 443
193020 414782 449
720654 259731 509
316412 726921 509
350592 840700 525
864052 330574 525
749378 950415 525
110716 278377 443
297588 292986 358
750657 787156 468
718698 376349 509
414718 583857 470
187022 53404 383
601285 728463 509
683659 770408 504
578854 885918 525
649382 286078 509
814905 370036 509
545809 131317 470
96957 410605 449
486221 475213 413
741178 749804 393
939833 366098 525
542385 751625 509
659084 293042 509
538782 891986 525
183595 467704 449
475844 884820 525
521107 591333 452
613284 204766 470
361741 706342 509
604889 11123 470
992420 933998 507
895362 538229 525
579519 506524 470
948833 65740 525
495941 204216 449
329748 435774 449
570314 872132 525
701604 743602 504
165175 754590 509
149793 862973 525
222294 625636 470
747794 257605 509
731173 361078 509
976575 607118 525
581624 95669 470
132445 574044 470
29667 27808 272
112273 609185 470
534331 575310 452
189129 544476 470
293731 518877 470
980250 864044 507
391009 196059 443
121851 70388 354
950648 271643 525
933361 172942 525
411484 195360 449
944750 142657 525
556437 435530 470
263980 138061 443
531198 396424 470
226310 75069 386
424231 852786 525
684253 472766 509
428097 387587 449
17243 236032 443
420668 511697 444
100076 811676 509
707755 736130 424
396269 658403 509
7773 843834 525
345549 933460 525
39194 290299 443
76118 109835 354
725829 854301 525
762099 771231 468
250725 502613 449
846300 674956 525
355400 44758 443
661926 297701 509
432344 679168 509
533732 853011 525
705069 148012 509
178893 412824 449
884141 89366 525
71227 406118 443
447404 930979 525
339579 802 443
221279 929900 525
624840 461312 470
784201 901143 525
746747 34926 509
403757 593047 470
224086 759156 509
637805 400217 509
571061 584353 434
79385 104793 341
951569 784454 525
252804 130462 443
711482 651149 504
734031 296914 509
57267 181435 383
227893 911049 525
182236 963375 525
355154 321280 441
938891 139355 525
222423 685639 509
688485 626179 509
792890 426775 509
899539 430695 525
826991 470600 509
529253 420581 470
575392 480822 470
719239 342400 509
125488 430721 449
993548 859518 507
241839 565020 470
555157 469732 470
476069 251597 449
433107 345428 449
572876 371999 470
998986 795298 525
571842 687471 509
421478 364732 449
628451 835221 504
309632 969646 525
305822 838884 525
390227 881213 525
833910 623670 509
737818 473602 509
568596 731366 509
847324 810434 525
810590 402481 509
794370 286660 509
168282 227478 386
146292 741157 509
113681 145278 375
50660 199727 383
346954 986341 525
564458 975404 525
821563 388294 509
945050 127385 525
741382 849482 525
522802 575292 452
987356 260620 525
563098 555952 359
506191 410422 444
366387 316781 441
327107 160757 443
117645 495388 449
902438 263936 525
750749 530323 509
409214 315614 441
244254 756167 509
301955 808712 509
245776 637722 509
711210 705030 380
765106 452593 509
68717 802113 509
27885 56074 340
576937 105188 470
612025 83128 470
515609 492616 470
914113 842716 476
167578 31758 383
852308 584220 525
809898 117263 509
628748 733316 504
432876 873001 525
3688 734830 509
681713 249463 509
372553 907128 525
468697 651863 509
359721 537414 470
968180 901809 507
593487 545118 452
6997 719716 509
142450 522606 470
212333 56563 383
879526 894114 445
602525 246039 470
478334 926627 525
363301 107082 443
659943 796176 504
980083 663630 525
45212 176001 383
427297 417764 418
83129 410198 449
583831 442849 470
947611 552012 525
344659 55303 443
611334 865859 525
775019 267988 509
902669 987351 507
838755 782195 525
881465 955484 507
28235 874003 525
882111 905739 445
981085 56259 525
701916 475373 509
719888 747127 424
651373 661389 429
679095 248707 509
71587 777130 509
205760 533403 470
329142 64623 443
588705 454680 470
930482 877928 476
722668 833151 468
865279 75628 525
129552 260949 443
31112 671990 509
134953 913222 525
577729 630242 509
969480 793849 525
105615 203573 383
55181 271192 443
379166 734275 509
34103 964956 525
511406 239863 449
12564 354752 443
304485 601269 470
323637 749171 509
479197 560509 470
96528 858681 525
636136 226079 509
633834 181452 509
412273 282991 449
94674 990001 525
427437 578358 470
298056 47256 443
296135 353236 441
318448 675300 509
601716 866754 525
154461 113122 375
106617 167025 383
982077 925306 507
282498 819918 509
188682 275899 443
380427 285209 441
134580 530767 470
25492 282619 443
712218 437764 509
79814 321096 443
941970 507251 525
899453 240026 525
554506 195588 470
593261 387158 470
385092 709181 509
768117 539553 509
336507 388938 441
706577 318585 509
314244 989074 525
652707 17131 509
779177 33135 509
302339 427962 449
563901 327831 470
710580 790324 468
279799 304598 389
111420 221769 386
811848 10874 509
975998 880559 507
720665 83465 509
781921 105758 509
792645 550038 509
159515 129153 383
938976 380296 525
961941 767424 525
883574 614648 525
784554 662751 504
647782 601098 509
90713 725888 509
443133 315497 449
516212 722931 509
620095 141836 470
944700 431943 525
152709 434903 449
826706 387579 509
518367 608628 452
7541 311013 443
158666 167055 370
440165 611846 470
61555 402106 443
379271 945128 525
16754 678029 509
607879 178741 470
279127 212797 443
418833 722259 509
528293 449249 470
959395 148388 525
591084 418300 470
94536 257998 443
853202 921241 476
645576 371570 509
44074 653116 509
682582 716944 504
334375 122747 443
328790 395929 441
39057 222265 386
341057 570014 470
900294 463140 525
748754 179421 509
190141 681791 509
415885 718434 509
131040 375280 443
381026 722124 509
793579 475561 509
494326 160986 449
396803 139902 443
532555 955080 525
307222 215137 443
672024 641596 442
852087 815 525
551729 891143 525
737283 406990 509
975362 637577 525
384334 238321 441
331203 574475 470
920112 261292 525
292909 51152 443
150776 673934 509
287480 944354 525
663700 296010 509
619544 574707 447
435911 152100 449
529787 257337 470
367236 201812 443
413137 733528 509
716830 964865 525
138876 454113 449
886059 114238 525
605895 270394 470
352559 937097 525
844868 786875 525
712593 651981 504
352231 863368 525
840119 639711 525
321927 503819 449
449925 941470 525
78526 885836 525
93570 608313 470
657377 975010 525
324329 70515 443
708538 41159 509
549584 361618 470
9476 435644 449
475856 615370 470
220242 342619 443
66672 579314 470
129494 779264 509
231295 481724 449
642632 71414 509
635639 964558 525
89438 85565 333
906029 167963 525
485605 513803 470
776275 142982 509
488813 614808 470
727700 711555 411
655966 791489 504
73174 665442 509
741337 63234 509
280812 961578 525
405852 347484 436
55097 49550 340
640952 286391 509
531273 283585 470
872008 681117 525
762347 961445 525
280886 182581 443
643613 766490 504
696384 934092 525
423676 699401 509
548901 665581 509
410957 204867 449
457070 998334 525
384513 712611 509
61568 179530 383
188394 981623 525
41218 243490 443
31173 682169 509
44085 76650 340
965753 916092 507
757766 728101 424
391743 552856 470
910681 35356 525
833550 121270 509
969447 771431 525
820671 518348 509
437012 231628 449
237420 408286 441
744166 621932 509
120897 805733 509
315666 309290 384
787356 356883 509
66984 332733 443
39053 111068 354
409382 519010 470
27160 681353 509
761315 933106 525
234209 671997 509
968461 67760 525
307471 452114 449
839190 128142 525
484666 790406 509
873973 236290 525
198692 618139 470
372427 833792 509
938076 688092 525
657286 725432 504
44976 724269 509
58165 598232 470
835336 981751 525
117242 376700 443
663104 878557 525
309807 411517 449
64759 792472 509
993480 372229 525
758790 346875 509
500371 757661 509
137281 888548 525
993950 850176 507
20893 880581 525
198173 958968 525
568674 855458 525
198606 127854 383
93932 256770 443
726085 929267 525
752725 843326 525
820172 930033 525
721883 644183 504
341551 786641 509
950859 335031 525
673075 709650 504
196111 687650 509
981515 333391 525
576198 975465 525
697772 597090 509
856047 895944 445
70264 938925 525
751403 268869 509
66779 845334 525
39843 792863 509
288807 792568 509
150394 623183 470
722601 386482 509
267366 578356 470
687327 218225 509
427592 360402 449
442079 623702 470
48052 423594 449
957092 138455 525
913264 654864 525
249749 283516 407
550809 320012 470
736645 816416 468
588880 317628 470
175955 142928 383
624695 978965 525
449700 775088 509
602148 172301 470
161570 383718 443
264862 848897 525
601943 692453 509
723503 558226 509
316155 771555 509
496025 787451 509
424214 923493 525
442316 673962 509
721213 507329 509
508179 457858 444
837949 611263 525
775485 528108 509
754190 400180 509
507074 203890 449
689472 623426 509
890395 365247 525
7145 155257 375
214144 123292 383
847709 937646 476
681517 163864 509
223406 691746 509
465519 647619 509
129444 422039 449
835786 850656 525
929367 343965 525
822718 281521 509
955227 112408 525
809629 709418 468
26792 830907 509
427512 716264 509
454333 317907 449
81511 461477 449
473163 809858 509
584768 835076 509
261709 780490 509
513144 485115 470
986440 978663 427
646938 115885 509
400702 482724 449
966540 844274 507
826688 303464 509
125795 781916 509
415871 449628 418
5539 956867 525
280535 433050 449
673131 734868 504
750957 268846 509
710549 738324 424
592908 809522 509
573401 854616 525
590012 86545 470
853935 576452 525
65208 15079 340
692336 465910 509
497802 173082 449
310184 838695 525
990749 950182 458
620611 920824 525
399811 140354 443
877691 194550 525
573403 550822 421
443622 838564 525
333872 154172 443
576889 926779 525
963693 150290 525
295601 67910 443
751038 663740 504
644361 816246 504
678818 850902 525
796360 176621 509
538188 620748 452
15316 43142 324
570930 150131 470
963965 970740 458
290484 841657 525
679495 378091 509
906683 123117 525
216656 240556 443
277288 793544 509
681539 755185 504
458038 977139 525
823094 209076 509
640880 981660 525
539526 833902 509
346767 335886 441
10523 884954 525
956633 540042 525
928095 527564 525
204377 406265 443
12509 494860 449
247922 692003 509
872951 154606 525
815120 603811 509
395161 606612 470
397355 590904 470
361798 855392 525
82249 699096 509
578672 237333 470
680756 118199 509
71235 27523 340
454084 595962 470
426681 924922 525
136004 868980 525
966690 340381 525
275246 979198 525
349445 523167 470
185407 736600 509
677772 514731 509
340411 587137 470
635547 737765 504
692246 997344 525
107362 774494 509
696441 200239 509
11827 891401 525
318437 83061 443
918924 286725 525
193227 859809 525
211647 329231 443
728790 178337 509
183816 4036 383
671740 47465 509
41407 857146 525
784065 233384 509
886081 124476 525
820520 521628 509
376446 512766 470
33178 998011 525
801464 729618 468
198250 813290 509
135224 30891 354
410556 568352 470
317616 603782 470
428162 529262 470
447217 671156 509
221804 145237 386
675191 893543 525
192702 230802 443
264894 976766 525
464185 150975 449
615446 798910 509
672602 506096 509
311676 705779 509
18313 627345 509
949601 216562 525
440635 599030 470
247453 365395 441
167382 79273 383
483382 595543 470
608534 444803 470
266699 344542 407
590040 456094 470
238085 782741 509
686896 502978 509
273712 665285 509
168157 889157 525
464195 354964 449
909458 290076 525
60743 927770 525
917420 524549 525
658536 872259 525
123579 420193 449
751859 290960 509
499465 235241 449
400708 622204 470
680043 181611 509
966745 784287 525
151910 719035 509
567028 838805 525
736217 354944 509
18295 904374 525
244102 482490 449
259338 667764 509
772565 834284 468
109739 689985 509
358833 768274 509
76449 996615 525
702672 828307 504
287576 716341 509
63548 202488 383
338545 257796 407
384098 819495 509
42083 536007 470
52735 123316 354
889016 788951 525
478259 421516 444
207530 236565 443
904005 981071 507
904328 676570 525
815356 14067 509
880759 688393 525
296546 471412 449
685009 999217 525
299720 486789 449
715558 877471 525
203481 568308 470
135267 101783 354
902007 691554 525
151995 954741 525
814869 555215 509
743692 293128 509
976730 465427 525
43898 880735 525
446498 462430 444
71510 776058 509
990701 466473 525
464452 287247 449
937885 663665 525
800668 237605 509
664658 30431 509
629280 382343 509
598738 764547 509
484125 14950 449
970305 636119 525
969690 785174 525
191335 227588 386
592506 168065 470
693014 150608 509
563005 139512 470
613038 148719 470
915570 603739 525
129397 894226 525
890985 67282 525
72096 205858 383
819090 736753 468
236288 448370 449
119096 349231 443
727121 117425 509
364180 697426 509
753544 333871 509
996804 459083 525
561458 103516 470
141352 768676 509
254123 704356 509
908187 867160 445
367280 337962 441
985103 496676 525
232188 876088 525
78162 304283 443
596150 897251 525
555240 832438 509
